This is pdfTeX, Version 3.1415926-2.4-1.40.13 (MiKTeX 2.9) (preloaded format=pdflatex 2013.2.22)  27 JUN 2013 11:35
entering extended mode
**prospect-intro.tex
(C:\Users\chef\Documents\prospectr\vignettes\prospect-intro.tex
LaTeX2e <2011/06/27>
Babel <v3.8m> and hyphenation patterns for english, afrikaans, ancientgreek, ar
abic, armenian, assamese, basque, bengali, bokmal, bulgarian, catalan, coptic, 
croatian, czech, danish, dutch, esperanto, estonian, farsi, finnish, french, ga
lician, german, german-x-2012-05-30, greek, gujarati, hindi, hungarian, iceland
ic, indonesian, interlingua, irish, italian, kannada, kurmanji, latin, latvian,
 lithuanian, malayalam, marathi, mongolian, mongolianlmc, monogreek, ngerman, n
german-x-2012-05-30, nynorsk, oriya, panjabi, pinyin, polish, portuguese, roman
ian, russian, sanskrit, serbian, slovak, slovenian, spanish, swedish, swissgerm
an, tamil, telugu, turkish, turkmen, ukenglish, ukrainian, uppersorbian, usengl
ishmax, welsh, loaded.
("C:\Program Files (x86)\MiKTeX 2.9\tex\latex\base\article.cls"
Document Class: article 2007/10/19 v1.4h Standard LaTeX document class
("C:\Program Files (x86)\MiKTeX 2.9\tex\latex\base\size12.clo"
File: size12.clo 2007/10/19 v1.4h Standard LaTeX file (size option)
)
\c@part=\count79
\c@section=\count80
\c@subsection=\count81
\c@subsubsection=\count82
\c@paragraph=\count83
\c@subparagraph=\count84
\c@figure=\count85
\c@table=\count86
\abovecaptionskip=\skip41
\belowcaptionskip=\skip42
\bibindent=\dimen102
)
("C:\Program Files (x86)\MiKTeX 2.9\tex\latex\graphics\graphicx.sty"
Package: graphicx 1999/02/16 v1.0f Enhanced LaTeX Graphics (DPC,SPQR)

("C:\Program Files (x86)\MiKTeX 2.9\tex\latex\graphics\keyval.sty"
Package: keyval 1999/03/16 v1.13 key=value parser (DPC)
\KV@toks@=\toks14
)
("C:\Program Files (x86)\MiKTeX 2.9\tex\latex\graphics\graphics.sty"
Package: graphics 2009/02/05 v1.0o Standard LaTeX Graphics (DPC,SPQR)

("C:\Program Files (x86)\MiKTeX 2.9\tex\latex\graphics\trig.sty"
Package: trig 1999/03/16 v1.09 sin cos tan (DPC)
)
("C:\Program Files (x86)\MiKTeX 2.9\tex\latex\00miktex\graphics.cfg"
File: graphics.cfg 2007/01/18 v1.5 graphics configuration of teTeX/TeXLive
)
Package graphics Info: Driver file: pdftex.def on input line 91.

("C:\Program Files (x86)\MiKTeX 2.9\tex\latex\pdftex-def\pdftex.def"
File: pdftex.def 2011/05/27 v0.06d Graphics/color for pdfTeX

("C:\Program Files (x86)\MiKTeX 2.9\tex\generic\oberdiek\infwarerr.sty"
Package: infwarerr 2010/04/08 v1.3 Providing info/warning/error messages (HO)
)
("C:\Program Files (x86)\MiKTeX 2.9\tex\generic\oberdiek\ltxcmds.sty"
Package: ltxcmds 2011/11/09 v1.22 LaTeX kernel commands for general use (HO)
)
\Gread@gobject=\count87
))
\Gin@req@height=\dimen103
\Gin@req@width=\dimen104
)
("C:\Program Files (x86)\MiKTeX 2.9\tex\latex\graphics\color.sty"
Package: color 2005/11/14 v1.0j Standard LaTeX Color (DPC)

("C:\Program Files (x86)\MiKTeX 2.9\tex\latex\00miktex\color.cfg"
File: color.cfg 2007/01/18 v1.5 color configuration of teTeX/TeXLive
)
Package color Info: Driver file: pdftex.def on input line 130.
)
("C:\Program Files (x86)\MiKTeX 2.9\tex\latex\framed\framed.sty"
Package: framed 2011/10/22 v 0.96: framed or shaded text with page breaks
\OuterFrameSep=\skip43
\fb@frw=\dimen105
\fb@frh=\dimen106
\FrameRule=\dimen107
\FrameSep=\dimen108
)
("C:\Program Files (x86)\MiKTeX 2.9\tex\latex\base\alltt.sty"
Package: alltt 1997/06/16 v2.0g defines alltt environment
)
("C:\Program Files (x86)\MiKTeX 2.9\tex\latex\base\inputenc.sty"
Package: inputenc 2008/03/30 v1.1d Input encoding file
\inpenc@prehook=\toks15
\inpenc@posthook=\toks16

("C:\Program Files (x86)\MiKTeX 2.9\tex\latex\base\latin1.def"
File: latin1.def 2008/03/30 v1.1d Input encoding file
))
("C:\Program Files (x86)\MiKTeX 2.9\tex\latex\base\fontenc.sty"
Package: fontenc 2005/09/27 v1.99g Standard LaTeX package

("C:\Program Files (x86)\MiKTeX 2.9\tex\latex\base\t1enc.def"
File: t1enc.def 2005/09/27 v1.99g Standard LaTeX file
LaTeX Font Info:    Redeclaring font encoding T1 on input line 43.
))
("C:\Program Files (x86)\MiKTeX 2.9\tex\latex\lm\lmodern.sty"
Package: lmodern 2009/10/30 v1.6 Latin Modern Fonts
LaTeX Font Info:    Overwriting symbol font `operators' in version `normal'
(Font)                  OT1/cmr/m/n --> OT1/lmr/m/n on input line 22.
LaTeX Font Info:    Overwriting symbol font `letters' in version `normal'
(Font)                  OML/cmm/m/it --> OML/lmm/m/it on input line 23.
LaTeX Font Info:    Overwriting symbol font `symbols' in version `normal'
(Font)                  OMS/cmsy/m/n --> OMS/lmsy/m/n on input line 24.
LaTeX Font Info:    Overwriting symbol font `largesymbols' in version `normal'
(Font)                  OMX/cmex/m/n --> OMX/lmex/m/n on input line 25.
LaTeX Font Info:    Overwriting symbol font `operators' in version `bold'
(Font)                  OT1/cmr/bx/n --> OT1/lmr/bx/n on input line 26.
LaTeX Font Info:    Overwriting symbol font `letters' in version `bold'
(Font)                  OML/cmm/b/it --> OML/lmm/b/it on input line 27.
LaTeX Font Info:    Overwriting symbol font `symbols' in version `bold'
(Font)                  OMS/cmsy/b/n --> OMS/lmsy/b/n on input line 28.
LaTeX Font Info:    Overwriting symbol font `largesymbols' in version `bold'
(Font)                  OMX/cmex/m/n --> OMX/lmex/m/n on input line 29.
LaTeX Font Info:    Overwriting math alphabet `\mathbf' in version `normal'
(Font)                  OT1/cmr/bx/n --> OT1/lmr/bx/n on input line 31.
LaTeX Font Info:    Overwriting math alphabet `\mathsf' in version `normal'
(Font)                  OT1/cmss/m/n --> OT1/lmss/m/n on input line 32.
LaTeX Font Info:    Overwriting math alphabet `\mathit' in version `normal'
(Font)                  OT1/cmr/m/it --> OT1/lmr/m/it on input line 33.
LaTeX Font Info:    Overwriting math alphabet `\mathtt' in version `normal'
(Font)                  OT1/cmtt/m/n --> OT1/lmtt/m/n on input line 34.
LaTeX Font Info:    Overwriting math alphabet `\mathbf' in version `bold'
(Font)                  OT1/cmr/bx/n --> OT1/lmr/bx/n on input line 35.
LaTeX Font Info:    Overwriting math alphabet `\mathsf' in version `bold'
(Font)                  OT1/cmss/bx/n --> OT1/lmss/bx/n on input line 36.
LaTeX Font Info:    Overwriting math alphabet `\mathit' in version `bold'
(Font)                  OT1/cmr/bx/it --> OT1/lmr/bx/it on input line 37.
LaTeX Font Info:    Overwriting math alphabet `\mathtt' in version `bold'
(Font)                  OT1/cmtt/m/n --> OT1/lmtt/m/n on input line 38.
)
("C:\Program Files (x86)\MiKTeX 2.9\tex\latex\amsfonts\amssymb.sty"
Package: amssymb 2009/06/22 v3.00

("C:\Program Files (x86)\MiKTeX 2.9\tex\latex\amsfonts\amsfonts.sty"
Package: amsfonts 2009/06/22 v3.00 Basic AMSFonts support
\@emptytoks=\toks17
\symAMSa=\mathgroup4
\symAMSb=\mathgroup5
LaTeX Font Info:    Overwriting math alphabet `\mathfrak' in version `bold'
(Font)                  U/euf/m/n --> U/euf/b/n on input line 96.
))
("C:\Program Files (x86)\MiKTeX 2.9\tex\latex\ams\math\amsmath.sty"
Package: amsmath 2000/07/18 v2.13 AMS math features
\@mathmargin=\skip44

For additional information on amsmath, use the `?' option.
("C:\Program Files (x86)\MiKTeX 2.9\tex\latex\ams\math\amstext.sty"
Package: amstext 2000/06/29 v2.01

("C:\Program Files (x86)\MiKTeX 2.9\tex\latex\ams\math\amsgen.sty"
File: amsgen.sty 1999/11/30 v2.0
\@emptytoks=\toks18
\ex@=\dimen109
))
("C:\Program Files (x86)\MiKTeX 2.9\tex\latex\ams\math\amsbsy.sty"
Package: amsbsy 1999/11/29 v1.2d
\pmbraise@=\dimen110
)
("C:\Program Files (x86)\MiKTeX 2.9\tex\latex\ams\math\amsopn.sty"
Package: amsopn 1999/12/14 v2.01 operator names
)
\inf@bad=\count88
LaTeX Info: Redefining \frac on input line 211.
\uproot@=\count89
\leftroot@=\count90
LaTeX Info: Redefining \overline on input line 307.
\classnum@=\count91
\DOTSCASE@=\count92
LaTeX Info: Redefining \ldots on input line 379.
LaTeX Info: Redefining \dots on input line 382.
LaTeX Info: Redefining \cdots on input line 467.
\Mathstrutbox@=\box26
\strutbox@=\box27
\big@size=\dimen111
LaTeX Font Info:    Redeclaring font encoding OML on input line 567.
LaTeX Font Info:    Redeclaring font encoding OMS on input line 568.
\macc@depth=\count93
\c@MaxMatrixCols=\count94
\dotsspace@=\muskip10
\c@parentequation=\count95
\dspbrk@lvl=\count96
\tag@help=\toks19
\row@=\count97
\column@=\count98
\maxfields@=\count99
\andhelp@=\toks20
\eqnshift@=\dimen112
\alignsep@=\dimen113
\tagshift@=\dimen114
\tagwidth@=\dimen115
\totwidth@=\dimen116
\lineht@=\dimen117
\@envbody=\toks21
\multlinegap=\skip45
\multlinetaggap=\skip46
\mathdisplay@stack=\toks22
LaTeX Info: Redefining \[ on input line 2666.
LaTeX Info: Redefining \] on input line 2667.
)
("C:\Program Files (x86)\MiKTeX 2.9\tex\latex\oberdiek\epstopdf.sty"
Package: epstopdf 2010/02/09 v2.5 Conversion with epstopdf on the fly (HO)

("C:\Program Files (x86)\MiKTeX 2.9\tex\latex\oberdiek\epstopdf-base.sty"
Package: epstopdf-base 2010/02/09 v2.5 Base part for package epstopdf

("C:\Program Files (x86)\MiKTeX 2.9\tex\latex\oberdiek\grfext.sty"
Package: grfext 2010/08/19 v1.1 Manage graphics extensions (HO)

("C:\Program Files (x86)\MiKTeX 2.9\tex\generic\oberdiek\kvdefinekeys.sty"
Package: kvdefinekeys 2011/04/07 v1.3 Define keys (HO)
))
("C:\Program Files (x86)\MiKTeX 2.9\tex\latex\oberdiek\kvoptions.sty"
Package: kvoptions 2011/06/30 v3.11 Key value format for package options (HO)

("C:\Program Files (x86)\MiKTeX 2.9\tex\generic\oberdiek\kvsetkeys.sty"
Package: kvsetkeys 2012/04/25 v1.16 Key value parser (HO)

("C:\Program Files (x86)\MiKTeX 2.9\tex\generic\oberdiek\etexcmds.sty"
Package: etexcmds 2011/02/16 v1.5 Avoid name clashes with e-TeX commands (HO)

("C:\Program Files (x86)\MiKTeX 2.9\tex\generic\oberdiek\ifluatex.sty"
Package: ifluatex 2010/03/01 v1.3 Provides the ifluatex switch (HO)
Package ifluatex Info: LuaTeX not detected.
)
Package etexcmds Info: Could not find \expanded.
(etexcmds)             That can mean that you are not using pdfTeX 1.50 or
(etexcmds)             that some package has redefined \expanded.
(etexcmds)             In the latter case, load this package earlier.
)))
("C:\Program Files (x86)\MiKTeX 2.9\tex\generic\oberdiek\pdftexcmds.sty"
Package: pdftexcmds 2011/11/29 v0.20 Utility functions of pdfTeX for LuaTeX (HO
)

("C:\Program Files (x86)\MiKTeX 2.9\tex\generic\oberdiek\ifpdf.sty"
Package: ifpdf 2011/01/30 v2.3 Provides the ifpdf switch (HO)
Package ifpdf Info: pdfTeX in PDF mode is detected.
)
Package pdftexcmds Info: LuaTeX not detected.
Package pdftexcmds Info: \pdf@primitive is available.
Package pdftexcmds Info: \pdf@ifprimitive is available.
Package pdftexcmds Info: \pdfdraftmode found.
)
Package grfext Info: Graphics extension search list:
(grfext)             [.png,.pdf,.jpg,.mps,.jpeg,.jbig2,.jb2,.PNG,.PDF,.JPG,.JPE
G,.JBIG2,.JB2,.eps]
(grfext)             \AppendGraphicsExtensions on input line 452.
))
("C:\Program Files (x86)\MiKTeX 2.9\tex\latex\rotating\rotating.sty"
Package: rotating 2009/03/28 v2.16a rotated objects in LaTeX

("C:\Program Files (x86)\MiKTeX 2.9\tex\latex\base\ifthen.sty"
Package: ifthen 2001/05/26 v1.1c Standard LaTeX ifthen package (DPC)
)
\c@r@tfl@t=\count100
\rotFPtop=\skip47
\rotFPbot=\skip48
\rot@float@box=\box28
\rot@mess@toks=\toks23
)
("C:\Program Files (x86)\MiKTeX 2.9\tex\latex\hyperref\hyperref.sty"
Package: hyperref 2012/11/06 v6.83m Hypertext links for LaTeX

("C:\Program Files (x86)\MiKTeX 2.9\tex\generic\oberdiek\hobsub-hyperref.sty"
Package: hobsub-hyperref 2012/04/25 v1.12 Bundle oberdiek, subset hyperref (HO)


("C:\Program Files (x86)\MiKTeX 2.9\tex\generic\oberdiek\hobsub-generic.sty"
Package: hobsub-generic 2012/04/25 v1.12 Bundle oberdiek, subset generic (HO)
Package: hobsub 2012/04/25 v1.12 Construct package bundles (HO)
Package hobsub Info: Skipping package `infwarerr' (already loaded).
Package hobsub Info: Skipping package `ltxcmds' (already loaded).
Package hobsub Info: Skipping package `ifluatex' (already loaded).
Package: ifvtex 2010/03/01 v1.5 Detect VTeX and its facilities (HO)
Package ifvtex Info: VTeX not detected.
Package: intcalc 2007/09/27 v1.1 Expandable calculations with integers (HO)
Package hobsub Info: Skipping package `ifpdf' (already loaded).
Package hobsub Info: Skipping package `etexcmds' (already loaded).
Package hobsub Info: Skipping package `kvsetkeys' (already loaded).
Package hobsub Info: Skipping package `kvdefinekeys' (already loaded).
Package hobsub Info: Skipping package `pdftexcmds' (already loaded).
Package: pdfescape 2011/11/25 v1.13 Implements pdfTeX's escape features (HO)
Package: bigintcalc 2012/04/08 v1.3 Expandable calculations on big integers (HO
)
Package: bitset 2011/01/30 v1.1 Handle bit-vector datatype (HO)
Package: uniquecounter 2011/01/30 v1.2 Provide unlimited unique counter (HO)
)
Package hobsub Info: Skipping package `hobsub' (already loaded).
Package: letltxmacro 2010/09/02 v1.4 Let assignment for LaTeX macros (HO)
Package: hopatch 2011/06/24 v1.1 Wrapper for package hooks (HO)
Package: xcolor-patch 2011/01/30 xcolor patch
Package: atveryend 2011/06/30 v1.8 Hooks at the very end of document (HO)
Package atveryend Info: \enddocument detected (standard20110627).
Package: atbegshi 2011/10/05 v1.16 At begin shipout hook (HO)
Package: refcount 2011/10/16 v3.4 Data extraction from label references (HO)
Package: hycolor 2011/01/30 v1.7 Color options for hyperref/bookmark (HO)
)
("C:\Program Files (x86)\MiKTeX 2.9\tex\generic\ifxetex\ifxetex.sty"
Package: ifxetex 2010/09/12 v0.6 Provides ifxetex conditional
)
("C:\Program Files (x86)\MiKTeX 2.9\tex\latex\oberdiek\auxhook.sty"
Package: auxhook 2011/03/04 v1.3 Hooks for auxiliary files (HO)
)
\@linkdim=\dimen118
\Hy@linkcounter=\count101
\Hy@pagecounter=\count102

("C:\Program Files (x86)\MiKTeX 2.9\tex\latex\hyperref\pd1enc.def"
File: pd1enc.def 2012/11/06 v6.83m Hyperref: PDFDocEncoding definition (HO)
)
\Hy@SavedSpaceFactor=\count103

("C:\Program Files (x86)\MiKTeX 2.9\tex\latex\00miktex\hyperref.cfg"
File: hyperref.cfg 2002/06/06 v1.2 hyperref configuration of TeXLive
)
Package hyperref Info: Hyper figures OFF on input line 4443.
Package hyperref Info: Link nesting OFF on input line 4448.
Package hyperref Info: Hyper index ON on input line 4451.
Package hyperref Info: Plain pages OFF on input line 4458.
Package hyperref Info: Backreferencing OFF on input line 4463.
Package hyperref Info: Implicit mode ON; LaTeX internals redefined.
Package hyperref Info: Bookmarks ON on input line 4688.
\c@Hy@tempcnt=\count104

("C:\Program Files (x86)\MiKTeX 2.9\tex\latex\ltxmisc\url.sty"
\Urlmuskip=\muskip11
Package: url 2006/04/12  ver 3.3  Verb mode for urls, etc.
)
LaTeX Info: Redefining \url on input line 5041.
\XeTeXLinkMargin=\dimen119
\Fld@menulength=\count105
\Field@Width=\dimen120
\Fld@charsize=\dimen121
Package hyperref Info: Hyper figures OFF on input line 6295.
Package hyperref Info: Link nesting OFF on input line 6300.
Package hyperref Info: Hyper index ON on input line 6303.
Package hyperref Info: backreferencing OFF on input line 6310.
Package hyperref Info: Link coloring OFF on input line 6315.
Package hyperref Info: Link coloring with OCG OFF on input line 6320.
Package hyperref Info: PDF/A mode OFF on input line 6325.
LaTeX Info: Redefining \ref on input line 6365.
LaTeX Info: Redefining \pageref on input line 6369.
\Hy@abspage=\count106
\c@Item=\count107
\c@Hfootnote=\count108
)

Package hyperref Message: Driver (autodetected): hpdftex.

("C:\Program Files (x86)\MiKTeX 2.9\tex\latex\hyperref\hpdftex.def"
File: hpdftex.def 2012/11/06 v6.83m Hyperref driver for pdfTeX
\Fld@listcount=\count109
\c@bookmark@seq@number=\count110

("C:\Program Files (x86)\MiKTeX 2.9\tex\latex\oberdiek\rerunfilecheck.sty"
Package: rerunfilecheck 2011/04/15 v1.7 Rerun checks for auxiliary files (HO)
Package uniquecounter Info: New unique counter `rerunfilecheck' on input line 2
82.
)
\Hy@SectionHShift=\skip49
)
("C:\Program Files (x86)\MiKTeX 2.9\tex\latex\marvosym\marvosym.sty"
Package: marvosym 2011/07/20 v2.2 Martin Vogel's Symbols font definitions
)
("C:\Program Files (x86)\MiKTeX 2.9\tex\latex\preprint\authblk.sty"
Package: authblk 2009/11/18 1.3 (PWD)
\affilsep=\skip50
\@affilsep=\skip51
\c@Maxaffil=\count111
\c@authors=\count112
\c@affil=\count113
)
("C:\Program Files (x86)\MiKTeX 2.9\tex\latex\preprint\fullpage.sty"
Package: fullpage 1999/02/23 1.1 (PWD)
\FP@margin=\skip52
)
Package hyperref Info: Option `colorlinks' set `true' on input line 87.


Package hyperref Warning: Option `hyperindex' has already been used,
(hyperref)                setting the option has no effect on input line 87.

Package hyperref Info: Option `linktocpage' set `true' on input line 87.
("C:\Program Files (x86)\MiKTeX 2.9\tex\latex\upquote\upquote.sty"
Package: upquote 2012/04/19 v1.3 upright-quote and grave-accent glyphs in verba
tim

("C:\Program Files (x86)\MiKTeX 2.9\tex\latex\base\textcomp.sty"
Package: textcomp 2005/09/27 v1.99g Standard LaTeX package
Package textcomp Info: Sub-encoding information:
(textcomp)               5 = only ISO-Adobe without \textcurrency
(textcomp)               4 = 5 + \texteuro
(textcomp)               3 = 4 + \textohm
(textcomp)               2 = 3 + \textestimated + \textcurrency
(textcomp)               1 = TS1 - \textcircled - \t
(textcomp)               0 = TS1 (full)
(textcomp)             Font families with sub-encoding setting implement
(textcomp)             only a restricted character set as indicated.
(textcomp)             Family '?' is the default used for unknown fonts.
(textcomp)             See the documentation for details.
Package textcomp Info: Setting ? sub-encoding to TS1/1 on input line 71.

("C:\Program Files (x86)\MiKTeX 2.9\tex\latex\base\ts1enc.def"
File: ts1enc.def 2001/06/05 v3.0e (jk/car/fm) Standard LaTeX file
)
LaTeX Info: Redefining \oldstylenums on input line 266.
Package textcomp Info: Setting cmr sub-encoding to TS1/0 on input line 281.
Package textcomp Info: Setting cmss sub-encoding to TS1/0 on input line 282.
Package textcomp Info: Setting cmtt sub-encoding to TS1/0 on input line 283.
Package textcomp Info: Setting cmvtt sub-encoding to TS1/0 on input line 284.
Package textcomp Info: Setting cmbr sub-encoding to TS1/0 on input line 285.
Package textcomp Info: Setting cmtl sub-encoding to TS1/0 on input line 286.
Package textcomp Info: Setting ccr sub-encoding to TS1/0 on input line 287.
Package textcomp Info: Setting ptm sub-encoding to TS1/4 on input line 288.
Package textcomp Info: Setting pcr sub-encoding to TS1/4 on input line 289.
Package textcomp Info: Setting phv sub-encoding to TS1/4 on input line 290.
Package textcomp Info: Setting ppl sub-encoding to TS1/3 on input line 291.
Package textcomp Info: Setting pag sub-encoding to TS1/4 on input line 292.
Package textcomp Info: Setting pbk sub-encoding to TS1/4 on input line 293.
Package textcomp Info: Setting pnc sub-encoding to TS1/4 on input line 294.
Package textcomp Info: Setting pzc sub-encoding to TS1/4 on input line 295.
Package textcomp Info: Setting bch sub-encoding to TS1/4 on input line 296.
Package textcomp Info: Setting put sub-encoding to TS1/5 on input line 297.
Package textcomp Info: Setting uag sub-encoding to TS1/5 on input line 298.
Package textcomp Info: Setting ugq sub-encoding to TS1/5 on input line 299.
Package textcomp Info: Setting ul8 sub-encoding to TS1/4 on input line 300.
Package textcomp Info: Setting ul9 sub-encoding to TS1/4 on input line 301.
Package textcomp Info: Setting augie sub-encoding to TS1/5 on input line 302.
Package textcomp Info: Setting dayrom sub-encoding to TS1/3 on input line 303.
Package textcomp Info: Setting dayroms sub-encoding to TS1/3 on input line 304.

Package textcomp Info: Setting pxr sub-encoding to TS1/0 on input line 305.
Package textcomp Info: Setting pxss sub-encoding to TS1/0 on input line 306.
Package textcomp Info: Setting pxtt sub-encoding to TS1/0 on input line 307.
Package textcomp Info: Setting txr sub-encoding to TS1/0 on input line 308.
Package textcomp Info: Setting txss sub-encoding to TS1/0 on input line 309.
Package textcomp Info: Setting txtt sub-encoding to TS1/0 on input line 310.
Package textcomp Info: Setting lmr sub-encoding to TS1/0 on input line 311.
Package textcomp Info: Setting lmdh sub-encoding to TS1/0 on input line 312.
Package textcomp Info: Setting lmss sub-encoding to TS1/0 on input line 313.
Package textcomp Info: Setting lmssq sub-encoding to TS1/0 on input line 314.
Package textcomp Info: Setting lmvtt sub-encoding to TS1/0 on input line 315.
Package textcomp Info: Setting qhv sub-encoding to TS1/0 on input line 316.
Package textcomp Info: Setting qag sub-encoding to TS1/0 on input line 317.
Package textcomp Info: Setting qbk sub-encoding to TS1/0 on input line 318.
Package textcomp Info: Setting qcr sub-encoding to TS1/0 on input line 319.
Package textcomp Info: Setting qcs sub-encoding to TS1/0 on input line 320.
Package textcomp Info: Setting qpl sub-encoding to TS1/0 on input line 321.
Package textcomp Info: Setting qtm sub-encoding to TS1/0 on input line 322.
Package textcomp Info: Setting qzc sub-encoding to TS1/0 on input line 323.
Package textcomp Info: Setting qhvc sub-encoding to TS1/0 on input line 324.
Package textcomp Info: Setting futs sub-encoding to TS1/4 on input line 325.
Package textcomp Info: Setting futx sub-encoding to TS1/4 on input line 326.
Package textcomp Info: Setting futj sub-encoding to TS1/4 on input line 327.
Package textcomp Info: Setting hlh sub-encoding to TS1/3 on input line 328.
Package textcomp Info: Setting hls sub-encoding to TS1/3 on input line 329.
Package textcomp Info: Setting hlst sub-encoding to TS1/3 on input line 330.
Package textcomp Info: Setting hlct sub-encoding to TS1/5 on input line 331.
Package textcomp Info: Setting hlx sub-encoding to TS1/5 on input line 332.
Package textcomp Info: Setting hlce sub-encoding to TS1/5 on input line 333.
Package textcomp Info: Setting hlcn sub-encoding to TS1/5 on input line 334.
Package textcomp Info: Setting hlcw sub-encoding to TS1/5 on input line 335.
Package textcomp Info: Setting hlcf sub-encoding to TS1/5 on input line 336.
Package textcomp Info: Setting pplx sub-encoding to TS1/3 on input line 337.
Package textcomp Info: Setting pplj sub-encoding to TS1/3 on input line 338.
Package textcomp Info: Setting ptmx sub-encoding to TS1/4 on input line 339.
Package textcomp Info: Setting ptmj sub-encoding to TS1/4 on input line 340.
))
(C:\Users\chef\Documents\prospectr\vignettes\prospect-intro.aux)
LaTeX Font Info:    Checking defaults for OML/cmm/m/it on input line 99.
LaTeX Font Info:    ... okay on input line 99.
LaTeX Font Info:    Checking defaults for T1/cmr/m/n on input line 99.
LaTeX Font Info:    ... okay on input line 99.
LaTeX Font Info:    Checking defaults for OT1/cmr/m/n on input line 99.
LaTeX Font Info:    ... okay on input line 99.
LaTeX Font Info:    Checking defaults for OMS/cmsy/m/n on input line 99.
LaTeX Font Info:    ... okay on input line 99.
LaTeX Font Info:    Checking defaults for OMX/cmex/m/n on input line 99.
LaTeX Font Info:    ... okay on input line 99.
LaTeX Font Info:    Checking defaults for U/cmr/m/n on input line 99.
LaTeX Font Info:    ... okay on input line 99.
LaTeX Font Info:    Checking defaults for PD1/pdf/m/n on input line 99.
LaTeX Font Info:    ... okay on input line 99.
LaTeX Font Info:    Checking defaults for TS1/cmr/m/n on input line 99.
LaTeX Font Info:    Try loading font information for TS1+cmr on input line 99.

("C:\Program Files (x86)\MiKTeX 2.9\tex\latex\base\ts1cmr.fd"
File: ts1cmr.fd 1999/05/25 v2.5h Standard LaTeX font definitions
)
LaTeX Font Info:    ... okay on input line 99.
LaTeX Font Info:    Try loading font information for T1+lmr on input line 99.

("C:\Program Files (x86)\MiKTeX 2.9\tex\latex\lm\t1lmr.fd"
File: t1lmr.fd 2009/10/30 v1.6 Font defs for Latin Modern
)
\AtBeginShipoutBox=\box29
Package hyperref Info: Link coloring ON on input line 99.

("C:\Program Files (x86)\MiKTeX 2.9\tex\latex\hyperref\nameref.sty"
Package: nameref 2012/10/27 v2.43 Cross-referencing by name of section

("C:\Program Files (x86)\MiKTeX 2.9\tex\generic\oberdiek\gettitlestring.sty"
Package: gettitlestring 2010/12/03 v1.4 Cleanup title references (HO)
)
\c@section@level=\count114
)
LaTeX Info: Redefining \ref on input line 99.
LaTeX Info: Redefining \pageref on input line 99.
LaTeX Info: Redefining \nameref on input line 99.

(C:\Users\chef\Documents\prospectr\vignettes\prospect-intro.out)
(C:\Users\chef\Documents\prospectr\vignettes\prospect-intro.out)
\@outlinefile=\write3
LaTeX Font Info:    Try loading font information for T1+lmss on input line 100.


("C:\Program Files (x86)\MiKTeX 2.9\tex\latex\lm\t1lmss.fd"
File: t1lmss.fd 2009/10/30 v1.6 Font defs for Latin Modern
)
LaTeX Font Info:    Try loading font information for OT1+lmr on input line 100.


("C:\Program Files (x86)\MiKTeX 2.9\tex\latex\lm\ot1lmr.fd"
File: ot1lmr.fd 2009/10/30 v1.6 Font defs for Latin Modern
)
LaTeX Font Info:    Try loading font information for OML+lmm on input line 100.


("C:\Program Files (x86)\MiKTeX 2.9\tex\latex\lm\omllmm.fd"
File: omllmm.fd 2009/10/30 v1.6 Font defs for Latin Modern
)
LaTeX Font Info:    Try loading font information for OMS+lmsy on input line 100
.

("C:\Program Files (x86)\MiKTeX 2.9\tex\latex\lm\omslmsy.fd"
File: omslmsy.fd 2009/10/30 v1.6 Font defs for Latin Modern
)
LaTeX Font Info:    Try loading font information for OMX+lmex on input line 100
.

("C:\Program Files (x86)\MiKTeX 2.9\tex\latex\lm\omxlmex.fd"
File: omxlmex.fd 2009/10/30 v1.6 Font defs for Latin Modern
)
LaTeX Font Info:    External font `lmex10' loaded for size
(Font)              <14.4> on input line 100.
LaTeX Font Info:    External font `lmex10' loaded for size
(Font)              <10> on input line 100.
LaTeX Font Info:    External font `lmex10' loaded for size
(Font)              <7> on input line 100.
LaTeX Font Info:    Try loading font information for U+msa on input line 100.

("C:\Program Files (x86)\MiKTeX 2.9\tex\latex\amsfonts\umsa.fd"
File: umsa.fd 2009/06/22 v3.00 AMS symbols A
)
LaTeX Font Info:    Try loading font information for U+msb on input line 100.

("C:\Program Files (x86)\MiKTeX 2.9\tex\latex\amsfonts\umsb.fd"
File: umsb.fd 2009/06/22 v3.00 AMS symbols B
)
LaTeX Font Info:    Try loading font information for U+mvs on input line 100.

("C:\Program Files (x86)\MiKTeX 2.9\tex\latex\marvosym\umvs.fd")
LaTeX Font Info:    External font `lmex10' loaded for size
(Font)              <5> on input line 100.

(C:\Users\chef\Documents\prospectr\vignettes\prospect-intro.toc
LaTeX Font Info:    External font `lmex10' loaded for size
(Font)              <12> on input line 3.
LaTeX Font Info:    External font `lmex10' loaded for size
(Font)              <8> on input line 3.
LaTeX Font Info:    External font `lmex10' loaded for size
(Font)              <6> on input line 3.
LaTeX Font Info:    Try loading font information for T1+lmtt on input line 16.

("C:\Program Files (x86)\MiKTeX 2.9\tex\latex\lm\t1lmtt.fd"
File: t1lmtt.fd 2009/10/30 v1.6 Font defs for Latin Modern
))
\tf@toc=\write4
 [1

{C:/Users/chef/AppData/Local/MiKTeX/2.9/pdftex/config/pdftex.map}]
Overfull \hbox (0.34206pt too wide) in paragraph at lines 108--109
\T1/lmr/m/n/12 Visible and Near In-frared dif-fuse re-flectance (vis--NIR) spec
-troscopy is a high--troughput, non--destructive
 []


LaTeX Warning: `h' float specifier changed to `ht'.

Package color Info: Redefining color shadecolor on input line 163.
LaTeX Font Info:    Font shape `T1/lmtt/bx/n' in size <12> not available
(Font)              Font shape `T1/lmtt/b/n' tried instead on input line 165.
LaTeX Font Info:    Try loading font information for TS1+lmtt on input line 183
.
("C:\Program Files (x86)\MiKTeX 2.9\tex\latex\lm\ts1lmtt.fd"
File: ts1lmtt.fd 2009/10/30 v1.6 Font defs for Latin Modern
) [2]
Package color Info: Redefining color shadecolor on input line 197.
 [3]

LaTeX Warning: No positions in optional float specifier.
               Default added (so using `tbp') on input line 208.

<figure/movin.pdf, id=153, 722.7pt x 433.62pt>
File: figure/movin.pdf Graphic file (type pdf)
 <use figure/movin.pdf>
Package pdftex.def Info: figure/movin.pdf used on input line 210.
(pdftex.def)             Requested size: 528.93675pt x 317.36041pt.
Package color Info: Redefining color shadecolor on input line 220.

Overfull \hbox (35.73819pt too wide) in paragraph at lines 228--228
[][]\T1/lmtt/b/n/12 plot[]\T1/lmtt/m/n/12 ([]\T1/lmtt/b/n/12 as.numeric[]\T1/lm
tt/m/n/12 ([]\T1/lmtt/b/n/12 colnames[]\T1/lmtt/m/n/12 (X)), X[1, ], type = []"
l"[], xlab = []"Wavelength"[], ylab = []"Absorbance"[])[] 
 []

<figure/binning.pdf, id=154, 722.7pt x 433.62pt>
File: figure/binning.pdf Graphic file (type pdf)
 <use figure/binning.pdf>
Package pdftex.def Info: figure/binning.pdf used on input line 236.
(pdftex.def)             Requested size: 528.93675pt x 317.36041pt.

[4 <C:/Users/chef/Documents/prospectr/vignettes/figure/movin.pdf>]
Package color Info: Redefining color shadecolor on input line 252.
 [5 <C:/Users/chef/Documents/prospectr/vignettes/figure/binning.pdf>]
Package color Info: Redefining color shadecolor on input line 305.

<figure/d1.pdf, id=183, 722.7pt x 433.62pt>
File: figure/d1.pdf Graphic file (type pdf)
 <use figure/d1.pdf>
Package pdftex.def Info: figure/d1.pdf used on input line 316.
(pdftex.def)             Requested size: 528.93675pt x 317.36041pt.
Package color Info: Redefining color shadecolor on input line 332.
 [6]
Package color Info: Redefining color shadecolor on input line 345.


LaTeX Warning: No positions in optional float specifier.
               Default added (so using `tbp') on input line 355.

<figure/gapseg.pdf, id=189, 722.7pt x 433.62pt>
File: figure/gapseg.pdf Graphic file (type pdf)
 <use figure/gapseg.pdf>
Package pdftex.def Info: figure/gapseg.pdf used on input line 357.
(pdftex.def)             Requested size: 528.93675pt x 317.36041pt.

[7 <C:/Users/chef/Documents/prospectr/vignettes/figure/d1.pdf>] [8 <C:/Users/ch
ef/Documents/prospectr/vignettes/figure/gapseg.pdf>]
Package color Info: Redefining color shadecolor on input line 375.
Package color Info: Redefining color shadecolor on input line 390.

<figure/detrend.pdf, id=213, 722.7pt x 433.62pt>
File: figure/detrend.pdf Graphic file (type pdf)
 <use figure/detrend.pdf>
Package pdftex.def Info: figure/detrend.pdf used on input line 402.
(pdftex.def)             Requested size: 528.93675pt x 317.36041pt.

[9]
Package color Info: Redefining color shadecolor on input line 425.
 [10 <C:/Users/chef/Documents/prospectr/vignettes/figure/detrend.pdf>]
Package color Info: Redefining color shadecolor on input line 443.
Package color Info: Redefining color shadecolor on input line 470.

<figure/cr.pdf, id=235, 722.7pt x 433.62pt>
File: figure/cr.pdf Graphic file (type pdf)
 <use figure/cr.pdf>
Package pdftex.def Info: figure/cr.pdf used on input line 481.
(pdftex.def)             Requested size: 528.93675pt x 317.36041pt.
 [11]
LaTeX Font Info:    Try loading font information for TS1+lmr on input line 496.


("C:\Program Files (x86)\MiKTeX 2.9\tex\latex\lm\ts1lmr.fd"
File: ts1lmr.fd 2009/10/30 v1.6 Font defs for Latin Modern
)
LaTeX Font Info:    Font shape `T1/lmtt/bx/n' in size <14.4> not available
(Font)              Font shape `T1/lmtt/b/n' tried instead on input line 503.
 [12 <C:/Users/chef/Documents/prospectr/vignettes/figure/cr.pdf>]
Package color Info: Redefining color shadecolor on input line 518.


LaTeX Warning: No positions in optional float specifier.
               Default added (so using `tbp') on input line 528.

<figure/ken.pdf, id=269, 505.89pt x 505.89pt>
File: figure/ken.pdf Graphic file (type pdf)
 <use figure/ken.pdf>
Package pdftex.def Info: figure/ken.pdf used on input line 531.
(pdftex.def)             Requested size: 284.53154pt x 284.53154pt.
Package color Info: Redefining color shadecolor on input line 543.


LaTeX Warning: No positions in optional float specifier.
               Default added (so using `tbp') on input line 560.

<figure/ken2.pdf, id=270, 505.89pt x 505.89pt>
File: figure/ken2.pdf Graphic file (type pdf)
 <use figure/ken2.pdf>
Package pdftex.def Info: figure/ken2.pdf used on input line 563.
(pdftex.def)             Requested size: 284.53154pt x 284.53154pt.
Package color Info: Redefining color shadecolor on input line 579.
 [13]
[14 <C:/Users/chef/Documents/prospectr/vignettes/figure/ken.pdf> <C:/Users/chef
/Documents/prospectr/vignettes/figure/ken2.pdf>]
Overfull \hbox (2.85641pt too wide) in paragraph at lines 583--583
[][]\T1/lmtt/b/n/12 points[]\T1/lmtt/m/n/12 (X[dup$model, 1], X[dup$model, 2], 
col = []"red"[], pch = 19)  # calibration samples[] 
 []


LaTeX Warning: No positions in optional float specifier.
               Default added (so using `tbp') on input line 588.

<figure/duplex.pdf, id=296, 505.89pt x 505.89pt>
File: figure/duplex.pdf Graphic file (type pdf)
 <use figure/duplex.pdf>
Package pdftex.def Info: figure/duplex.pdf used on input line 591.
(pdftex.def)             Requested size: 284.53154pt x 284.53154pt.


Package hyperref Warning: Token not allowed in a PDF string (PDFDocEncoding):
(hyperref)                removing `math shift' on input line 602.


Package hyperref Warning: Token not allowed in a PDF string (PDFDocEncoding):
(hyperref)                removing `math shift' on input line 602.

Package color Info: Redefining color shadecolor on input line 614.
[15 <C:/Users/chef/Documents/prospectr/vignettes/figure/duplex.pdf>]

LaTeX Warning: No positions in optional float specifier.
               Default added (so using `tbp') on input line 627.

<figure/naes.pdf, id=311, 505.89pt x 505.89pt>
File: figure/naes.pdf Graphic file (type pdf)
 <use figure/naes.pdf>
Package pdftex.def Info: figure/naes.pdf used on input line 630.
(pdftex.def)             Requested size: 284.53154pt x 284.53154pt.
Package color Info: Redefining color shadecolor on input line 646.
 [16 <C:/Users/chef/Documents/prospectr/vignettes/figure/naes.pdf>]

LaTeX Warning: No positions in optional float specifier.
               Default added (so using `tbp') on input line 652.

<figure/shenk.pdf, id=323, 505.89pt x 505.89pt>
File: figure/shenk.pdf Graphic file (type pdf)
 <use figure/shenk.pdf>
Package pdftex.def Info: figure/shenk.pdf used on input line 655.
(pdftex.def)             Requested size: 284.53154pt x 284.53154pt.
Package color Info: Redefining color shadecolor on input line 683.
 [17 <C:/Users/chef/Documents/prospectr/vignettes/figure/shenk.pdf>]

LaTeX Warning: No positions in optional float specifier.
               Default added (so using `tbp') on input line 689.

<figure/puchwein.pdf, id=339, 505.89pt x 505.89pt>
File: figure/puchwein.pdf Graphic file (type pdf)
 <use figure/puchwein.pdf>
Package pdftex.def Info: figure/puchwein.pdf used on input line 692.
(pdftex.def)             Requested size: 284.53154pt x 284.53154pt.
Package color Info: Redefining color shadecolor on input line 711.


LaTeX Warning: No positions in optional float specifier.
               Default added (so using `tbp') on input line 720.

<figure/puchwein2.pdf, id=341, 505.89pt x 505.89pt>
File: figure/puchwein2.pdf Graphic file (type pdf)
 <use figure/puchwein2.pdf>
Package pdftex.def Info: figure/puchwein2.pdf used on input line 722.
(pdftex.def)             Requested size: 505.88875pt x 505.89645pt.

[18 <C:/Users/chef/Documents/prospectr/vignettes/figure/puchwein.pdf>] [19 <C:/
Users/chef/Documents/prospectr/vignettes/figure/puchwein2.pdf>]
Package color Info: Redefining color shadecolor on input line 739.

<figure/honigs.pdf, id=366, 722.7pt x 433.62pt>
File: figure/honigs.pdf Graphic file (type pdf)
 <use figure/honigs.pdf>
Package pdftex.def Info: figure/honigs.pdf used on input line 750.
(pdftex.def)             Requested size: 528.93675pt x 317.36041pt.

(C:\Users\chef\Documents\prospectr\vignettes\prospect-intro.bbl [20 <C:/Users/c
hef/Documents/prospectr/vignettes/figure/honigs.pdf>])
Package atveryend Info: Empty hook `BeforeClearDocument' on input line 760.
 [21]
Package atveryend Info: Empty hook `AfterLastShipout' on input line 760.

(C:\Users\chef\Documents\prospectr\vignettes\prospect-intro.aux)
Package atveryend Info: Executing hook `AtVeryEndDocument' on input line 760.
Package atveryend Info: Executing hook `AtEndAfterFileList' on input line 760.
Package rerunfilecheck Info: File `prospect-intro.out' has not changed.
(rerunfilecheck)             Checksum: 5F2019ACE89652B9746B739B56020BF3;1524.
Package atveryend Info: Empty hook `AtVeryVeryEnd' on input line 760.
 ) 
Here is how much of TeX's memory you used:
 7429 strings out of 493921
 108027 string characters out of 3144879
 182953 words of memory out of 3000000
 10436 multiletter control sequences out of 15000+200000
 74935 words of font info for 71 fonts, out of 3000000 for 9000
 841 hyphenation exceptions out of 8191
 42i,9n,31p,945b,435s stack positions out of 5000i,500n,10000p,200000b,50000s
{C:/Program Files (x86)/MiKTeX 2.9/fonts/enc/dvips/lm/lm-ts1.enc}{C:/Program 
Files (x86)/MiKTeX 2.9/fonts/enc/dvips/lm/lm-mathit.enc}{C:/Program Files (x86)
/MiKTeX 2.9/fonts/enc/dvips/lm/lm-mathsy.enc}{C:/Program Files (x86)/MiKTeX 2.9
/fonts/enc/dvips/lm/lm-rm.enc}{C:/Program Files (x86)/MiKTeX 2.9/fonts/enc/dvip
s/lm/lm-mathex.enc}{C:/Program Files (x86)/MiKTeX 2.9/fonts/enc/dvips/lm/lm-ec.
enc}<C:/Program Files (x86)/MiKTeX 2.9/fonts/type1/public/lm/lmbx12.pfb><C:/Pro
gram Files (x86)/MiKTeX 2.9/fonts/type1/public/lm/lmex10.pfb><C:/Program Files 
(x86)/MiKTeX 2.9/fonts/type1/public/lm/lmmi12.pfb><C:/Program Files (x86)/MiKTe
X 2.9/fonts/type1/public/lm/lmmi6.pfb><C:/Program Files (x86)/MiKTeX 2.9/fonts/
type1/public/lm/lmmi8.pfb><C:/Program Files (x86)/MiKTeX 2.9/fonts/type1/public
/lm/lmr10.pfb><C:/Program Files (x86)/MiKTeX 2.9/fonts/type1/public/lm/lmr12.pf
b><C:/Program Files (x86)/MiKTeX 2.9/fonts/type1/public/lm/lmr17.pfb><C:/Progra
m Files (x86)/MiKTeX 2.9/fonts/type1/public/lm/lmr7.pfb><C:/Program Files (x86)
/MiKTeX 2.9/fonts/type1/public/lm/lmr8.pfb><C:/Program Files (x86)/MiKTeX 2.9/f
onts/type1/public/lm/lmri12.pfb><C:/Program Files (x86)/MiKTeX 2.9/fonts/type1/
public/lm/lmro12.pfb><C:/Program Files (x86)/MiKTeX 2.9/fonts/type1/public/lm/l
mss12.pfb><C:/Program Files (x86)/MiKTeX 2.9/fonts/type1/public/lm/lmss17.pfb><
C:/Program Files (x86)/MiKTeX 2.9/fonts/type1/public/lm/lmsy10.pfb><C:/Program 
Files (x86)/MiKTeX 2.9/fonts/type1/public/lm/lmsy8.pfb><C:/Program Files (x86)/
MiKTeX 2.9/fonts/type1/public/lm/lmtk10.pfb><C:/Program Files (x86)/MiKTeX 2.9/
fonts/type1/public/lm/lmtt12.pfb><C:/Program Files (x86)/MiKTeX 2.9/fonts/type1
/public/marvosym/marvosym.pfb>
Output written on prospect-intro.pdf (21 pages, 928245 bytes).
PDF statistics:
 472 PDF objects out of 1000 (max. 8388607)
 92 named destinations out of 1000 (max. 500000)
 239 words of extra memory for PDF output out of 10000 (max. 10000000)

